#
# There is insufficient memory for the Java Runtime Environment to continue.
# Native memory allocation (mmap) failed to map 134217728 bytes for Failed to commit area from 0x0000000081e00000 to 0x0000000089e00000 of length 134217728.
# Possible reasons:
#   The system is out of physical RAM or swap space
#   The process is running with CompressedOops enabled, and the Java Heap may be blocking the growth of the native heap
# Possible solutions:
#   Reduce memory load on the system
#   Increase physical memory or swap space
#   Check if swap backing store is full
#   Decrease Java heap size (-Xmx/-Xms)
#   Decrease number of Java threads
#   Decrease Java thread stack sizes (-Xss)
#   Set larger code cache with -XX:ReservedCodeCacheSize=
# This output file may be truncated or incomplete.
#
#  Out of Memory Error (t:/workspace/hotspot/src/os/windows/vm/os_windows.cpp:3357), pid=24300, tid=24184
#
# JRE version:  (9.0+11) (build )
# Java VM: Java HotSpot(TM) 64-Bit Server VM (9.0.4+11, mixed mode, tiered, compressed oops, g1 gc, windows-amd64)
# No core dump will be written. Minidumps are not enabled by default on client versions of Windows
#

---------------  S U M M A R Y ------------

Command Line: -Dfile.encoding=UTF-8 family_finances.family_member

Host: Intel(R) Core(TM) i5-7300HQ CPU @ 2.50GHz, 4 cores, 7G,  Windows 10 , 64 bit Build 17134 (10.0.17134.1)
Time: Sat Dec 01 23:34:25 2018 ?D1¨²¡À¨º¡Á?¨º¡À?? elapsed time: 0 seconds (0d 0h 0m 0s)

---------------  T H R E A D  ---------------

Current thread (0x00000221c2746000):  JavaThread "Unknown thread" [_thread_in_vm, id=24184, stack(0x0000007c14500000,0x0000007c14600000)]

Stack: [0x0000007c14500000,0x0000007c14600000]
Native frames: (J=compiled Java code, j=interpreted, Vv=VM code, C=native code)
V  [jvm.dll+0x587068]
V  [jvm.dll+0x69c25e]
V  [jvm.dll+0x69d17a]
V  [jvm.dll+0x69d7b3]
V  [jvm.dll+0x21d198]
V  [jvm.dll+0x584bb4]
V  [jvm.dll+0x57a095]
V  [jvm.dll+0x2cd67b]
V  [jvm.dll+0x2cd5e3]
V  [jvm.dll+0x2cd4b2]
V  [jvm.dll+0x2cf4b3]
V  [jvm.dll+0x3191e3]
V  [jvm.dll+0x3198f6]
V  [jvm.dll+0x3192e3]
V  [jvm.dll+0x2adeb8]
V  [jvm.dll+0x2af0e7]
V  [jvm.dll+0x67b34d]
V  [jvm.dll+0x67c70c]
V  [jvm.dll+0x3269c9]
V  [jvm.dll+0x66555e]
V  [jvm.dll+0x391811]
V  [jvm.dll+0x3937c1]
C  [javaw.exe+0x3501]
C  [javaw.exe+0xe25f]
C  [javaw.exe+0xe406]
C  [KERNEL32.DLL+0x13034]
C  [ntdll.dll+0x71471]


---------------  P R O C E S S  ---------------

Java Threads: ( => current thread )

Other Threads:
  0x00000221c275e800 GCTaskThread "GC Thread#0" [stack: 0x0000007c14600000,0x0000007c14700000] [id=25588]
  0x00000221c2760800 GCTaskThread "GC Thread#1" [stack: 0x0000007c14700000,0x0000007c14800000] [id=24532]
  0x00000221c2762800 GCTaskThread "GC Thread#2" [stack: 0x0000007c14800000,0x0000007c14900000] [id=22244]
  0x00000221c2768000 GCTaskThread "GC Thread#3" [stack: 0x0000007c14900000,0x0000007c14a00000] [id=18708]
  0x00000221c27e1000 ConcurrentGCThread "G1 Main Marker" [stack: 0x0000007c14f00000,0x0000007c15000000] [id=6352]
  0x00000221c27e5800 ConcurrentGCThread "G1 Marker#0" [stack: 0x0000007c15000000,0x0000007c15100000] [id=15184]
  0x00000221c2779000 ConcurrentGCThread "G1 Refine#0" [stack: 0x0000007c14d00000,0x0000007c14e00000] [id=23960]
  0x00000221c2778000 ConcurrentGCThread "G1 Refine#1" [stack: 0x0000007c14c00000,0x0000007c14d00000] [id=25112]
  0x00000221c2775000 ConcurrentGCThread "G1 Refine#2" [stack: 0x0000007c14b00000,0x0000007c14c00000] [id=7548]
  0x00000221c276c000 ConcurrentGCThread "G1 Refine#3" [stack: 0x0000007c14a00000,0x0000007c14b00000] [id=15808]
  0x00000221c277b000 ConcurrentGCThread "G1 Young RemSet Sampling" [stack: 0x0000007c14e00000,0x0000007c14f00000] [id=14324]

=>0x00000221c2746000 (exited) JavaThread "Unknown thread" [_thread_in_vm, id=24184, stack(0x0000007c14500000,0x0000007c14600000)]

Threads with active compile tasks:

VM state:not at safepoint (not fully initialized)

VM Mutex/Monitor currently owned by a thread:  ([mutex/lock_event])
[0x00000221c2744320] Heap_lock - owner thread: 0x00000221c2746000

Heap address: 0x0000000081e00000, size: 2018 MB, Compressed Oops mode: Non-zero based: 0x0000000081e00000
Narrow klass base: 0x0000000000000000, Narrow klass shift: 0

GC Heap History (0 events):
No events

Deoptimization events (0 events):
No events

Classes redefined (0 events):
No events

Internal exceptions (0 events):
No events

Events (0 events):
No events


Dynamic libraries:
0x00007ff73f2c0000 - 0x00007ff73f2fe000 	C:\Program Files\Java\jre-9.0.4\bin\javaw.exe
0x00007ffe1b1b0000 - 0x00007ffe1b391000 	C:\WINDOWS\SYSTEM32\ntdll.dll
0x00007ffe186b0000 - 0x00007ffe18762000 	C:\WINDOWS\System32\KERNEL32.DLL
0x00007ffe17a10000 - 0x00007ffe17c83000 	C:\WINDOWS\System32\KERNELBASE.dll
0x00007ffe18fd0000 - 0x00007ffe19071000 	C:\WINDOWS\System32\ADVAPI32.dll
0x00007ffe1aa70000 - 0x00007ffe1ab0e000 	C:\WINDOWS\System32\msvcrt.dll
0x00007ffe188a0000 - 0x00007ffe188fb000 	C:\WINDOWS\System32\sechost.dll
0x00007ffe18770000 - 0x00007ffe18894000 	C:\WINDOWS\System32\RPCRT4.dll
0x00007ffe18b20000 - 0x00007ffe18cb0000 	C:\WINDOWS\System32\USER32.dll
0x00007ffe17700000 - 0x00007ffe17720000 	C:\WINDOWS\System32\win32u.dll
0x00007ffe1ab70000 - 0x00007ffe1ab98000 	C:\WINDOWS\System32\GDI32.dll
0x00007ffe184a0000 - 0x00007ffe18632000 	C:\WINDOWS\System32\gdi32full.dll
0x00007ffe17660000 - 0x00007ffe176ff000 	C:\WINDOWS\System32\msvcp_win.dll
0x00007ffe17720000 - 0x00007ffe1781a000 	C:\WINDOWS\System32\ucrtbase.dll
0x00007ffe08d40000 - 0x00007ffe08fa9000 	C:\WINDOWS\WinSxS\amd64_microsoft.windows.common-controls_6595b64144ccf1df_6.0.17134.407_none_fb449d63306391e9\COMCTL32.dll
0x00007ffe0ece0000 - 0x00007ffe0ecea000 	C:\WINDOWS\SYSTEM32\VERSION.dll
0x00007ffe191e0000 - 0x00007ffe19502000 	C:\WINDOWS\System32\combase.dll
0x00007ffe17580000 - 0x00007ffe175fa000 	C:\WINDOWS\System32\bcryptPrimitives.dll
0x00007ffe1aff0000 - 0x00007ffe1b01d000 	C:\WINDOWS\System32\IMM32.DLL
0x00007ffdd8d60000 - 0x00007ffdd8e4f000 	C:\Program Files\Java\jre-9.0.4\bin\msvcr120.dll
0x00007ffdd7d40000 - 0x00007ffdd7de6000 	C:\Program Files\Java\jre-9.0.4\bin\msvcp120.dll
0x0000000056420000 - 0x0000000056e45000 	C:\Program Files\Java\jre-9.0.4\bin\server\jvm.dll
0x00007ffe18900000 - 0x00007ffe18908000 	C:\WINDOWS\System32\PSAPI.DLL
0x00007ffe088f0000 - 0x00007ffe088f9000 	C:\WINDOWS\SYSTEM32\WSOCK32.dll
0x00007ffe127d0000 - 0x00007ffe127f3000 	C:\WINDOWS\SYSTEM32\WINMM.dll
0x00007ffe1aa00000 - 0x00007ffe1aa6c000 	C:\WINDOWS\System32\WS2_32.dll
0x00007ffe124a0000 - 0x00007ffe124ca000 	C:\WINDOWS\SYSTEM32\winmmbase.dll
0x00007ffe18450000 - 0x00007ffe18499000 	C:\WINDOWS\System32\cfgmgr32.dll
0x00007ffe04880000 - 0x00007ffe0488f000 	C:\Program Files\Java\jre-9.0.4\bin\verify.dll
0x00007ffdfb940000 - 0x00007ffdfb967000 	C:\Program Files\Java\jre-9.0.4\bin\java.dll
0x00007ffe04860000 - 0x00007ffe04876000 	C:\Program Files\Java\jre-9.0.4\bin\zip.dll
0x00007ffe03260000 - 0x00007ffe0326a000 	C:\Program Files\Java\jre-9.0.4\bin\jimage.dll
0x00007ffe15f30000 - 0x00007ffe160f9000 	C:\WINDOWS\SYSTEM32\dbghelp.dll

VM Arguments:
jvm_args: -Dfile.encoding=UTF-8 
java_command: family_finances.family_member
java_class_path (initial): C:\Users\DCG19\eclipse-workspace\family\bin;D:\sql\Microsoft JDBC Driver 7.0 for SQL Server\sqljdbc_7.0\chs\mssql-jdbc-7.0.0.jre8.jar;D:\sql\Microsoft JDBC Driver 7.0 for SQL Server\sqljdbc_7.0\chs\mssql-jdbc-7.0.0.jre10.jar
Launcher Type: SUN_STANDARD

Logging:
Log output configuration:
#0: stdout all=warning uptime,level,tags
#1: stderr all=off uptime,level,tags

Environment Variables:
JAVA_HOME=C:\Program Files\Java\jdk-9.0.4
CLASSPATH=.;C:\Program Files\Java\jdk-9.0.4\lib\dt.jar;C:\Program Files\Java\jdk-9.0.4\lib\tools.jar;
PATH=C:\ProgramData\Oracle\Java\javapath;C:\Program Files (x86)\Intel\iCLS Client\;C:\Program Files\Intel\iCLS Client\;C:\windows\system32;C:\windows;C:\windows\System32\Wbem;C:\windows\System32\WindowsPowerShell\v1.0\;C:\Program Files (x86)\Intel\Intel(R) Management Engine Components\DAL;C:\Program Files\Intel\Intel(R) Management Engine Components\DAL;C:\Program Files (x86)\Intel\Intel(R) Management Engine Components\IPT;C:\Program Files\Intel\Intel(R) Management Engine Components\IPT;C:\Program Files (x86)\NVIDIA Corporation\PhysX\Common;C:\Program Files\Java\jdk-9.0.4\bin;C:\Program Files\Java\jdk-9.0.4\jre\bin;C:\Program Files (x86)\Microsoft SQL Server\100\Tools\Binn\;C:\Program Files\Microsoft SQL Server\100\Tools\Binn\;C:\Program Files\Microsoft SQL Server\100\DTS\Binn\;C:\WINDOWS\system32;C:\WINDOWS;C:\WINDOWS\System32\Wbem;C:\WINDOWS\System32\WindowsPowerShell\v1.0\;C:\WINDOWS\System32\OpenSSH\;C:\Program Files\Microsoft SQL Server\110\DTS\Binn\;C:\Program Files (x86)\Microsoft SQL Server\110\Tools\Binn\;C:\Program Files\Microsoft SQL Server\110\Tools\Binn\;C:\Program Files (x86)\Microsoft SQL Server\110\DTS\Binn\;C:\Program Files (x86)\Microsoft SQL Server\110\Tools\Binn\ManagementStudio\;C:\WINDOWS\system32\config\systemprofile\.dnx\bin;C:\Program Files\Microsoft DNX\Dnvm\;C:\Program Files\Microsoft SQL Server\130\Tools\Binn\;C:\Program Files (x86)\Windows Kits\8.1\Windows Performance Toolkit\;C:\Users\DCG19\AppData\Local\Microsoft\WindowsApps;"C:\Program Files\Java\jdk-9.0.4\bin;C:\Program Files\Java\jdk-9.0.4\jre\bin;";
USERNAME=DCG19
OS=Windows_NT
PROCESSOR_IDENTIFIER=Intel64 Family 6 Model 158 Stepping 9, GenuineIntel



---------------  S Y S T E M  ---------------

OS: Windows 10 , 64 bit Build 17134 (10.0.17134.1)

CPU:total 4 (initial active 4) (4 cores per cpu, 1 threads per core) family 6 model 158 stepping 9, cmov, cx8, fxsr, mmx, sse, sse2, sse3, ssse3, sse4.1, sse4.2, popcnt, avx, avx2, aes, clmul, erms, 3dnowpref, lzcnt, tsc, tscinvbit, bmi1, bmi2, adx, fma

Memory: 4k page, physical 8264804k(1034232k free), swap 23732448k(34956k free)

vm_info: Java HotSpot(TM) 64-Bit Server VM (9.0.4+11) for windows-amd64 JRE (9.0.4+11), built on Dec 20 2017 02:18:54 by "mach5one" with MS VC++ 12.0 (VS2013)

END.
